# JRE version: OpenJDK Runtime Environment Temurin-21.0.11+10 (21.0.11+10) (build 21.0.11+10-LTS)
# Java VM: OpenJDK 64-Bit Server VM Temurin-21.0.11+10 (21.0.11+10-LTS, mixed mode, sharing, tiered, compressed oops, compressed class ptrs, parallel gc, windows-amd64)
GC Precious Log:
 CardTable entry size: 512
 CPUs: 4 total, 4 available
 Memory: 3447M
 Large Page Support: Disabled
 NUMA Support: Disabled
 Compressed Oops: Enabled (32-bit)
 Alignments: Space 512K, Generation 512K, Heap 2M
 Heap Min Capacity: 100M
 Heap Initial Capacity: 100M
 Heap Max Capacity: 2G
 Pre-touch: Disabled
 Parallel Workers: 4
Heap:
 PSYoungGen      total 22528K, used 22112K [0x00000000d5580000, 0x00000000d7000000, 0x0000000100000000)
  eden space 22016K, 100% used [0x00000000d5580000,0x00000000d6b00000,0x00000000d6b00000)
  from space 512K, 18% used [0x00000000d6f00000,0x00000000d6f18000,0x00000000d6f80000)
  to   space 512K, 0% used [0x00000000d6f80000,0x00000000d6f80000,0x00000000d7000000)
 ParOldGen       total 780800K, used 770773K [0x0000000080000000, 0x00000000afa80000, 0x00000000d5580000)
  object space 780800K, 98% used [0x0000000080000000,0x00000000af0b5658,0x00000000afa80000)
 Metaspace       used 31689K, committed 32576K, reserved 1114112K
  class space    used 3196K, committed 3584K, reserved 1048576K
GC Heap History (20 events):
Event: 561.963 GC heap before
{Heap before GC invocations=303 (full 1):
 PSYoungGen      total 22528K, used 22112K [0x00000000d5580000, 0x00000000d7000000, 0x0000000100000000)
  eden space 22016K, 100% used [0x00000000d5580000,0x00000000d6b00000,0x00000000d6b00000)
  from space 512K, 18% used [0x00000000d6f00000,0x00000000d6f18000,0x00000000d6f80000)
  to   space 512K, 0% used [0x00000000d6f80000,0x00000000d6f80000,0x00000000d7000000)
 ParOldGen       total 780800K, used 770565K [0x0000000080000000, 0x00000000afa80000, 0x00000000d5580000)
  object space 780800K, 98% used [0x0000000080000000,0x00000000af081648,0x00000000afa80000)
 Metaspace       used 31554K, committed 32448K, reserved 1114112K
  class space    used 3173K, committed 3520K, reserved 1048576K
}
Event: 561.965 GC heap after
{Heap after GC invocations=303 (full 1):
 PSYoungGen      total 22528K, used 96K [0x00000000d5580000, 0x00000000d7000000, 0x0000000100000000)
  eden space 22016K, 0% used [0x00000000d5580000,0x00000000d5580000,0x00000000d6b00000)
  from space 512K, 18% used [0x00000000d6f80000,0x00000000d6f98000,0x00000000d7000000)
  to   space 512K, 0% used [0x00000000d6f00000,0x00000000d6f00000,0x00000000d6f80000)
 ParOldGen       total 780800K, used 770589K [0x0000000080000000, 0x00000000afa80000, 0x00000000d5580000)
  object space 780800K, 98% used [0x0000000080000000,0x00000000af087648,0x00000000afa80000)
 Metaspace       used 31554K, committed 32448K, reserved 1114112K
  class space    used 3173K, committed 3520K, reserved 1048576K
}
Event: 561.996 GC heap before
{Heap before GC invocations=304 (full 1):
 PSYoungGen      total 22528K, used 22112K [0x00000000d5580000, 0x00000000d7000000, 0x0000000100000000)
  eden space 22016K, 100% used [0x00000000d5580000,0x00000000d6b00000,0x00000000d6b00000)
  from space 512K, 18% used [0x00000000d6f80000,0x00000000d6f98000,0x00000000d7000000)
  to   space 512K, 0% used [0x00000000d6f00000,0x00000000d6f00000,0x00000000d6f80000)
 ParOldGen       total 780800K, used 770589K [0x0000000080000000, 0x00000000afa80000, 0x00000000d5580000)
  object space 780800K, 98% used [0x0000000080000000,0x00000000af087648,0x00000000afa80000)
 Metaspace       used 31570K, committed 32512K, reserved 1114112K
  class space    used 3176K, committed 3584K, reserved 1048576K
}
Event: 561.997 GC heap after
{Heap after GC invocations=304 (full 1):
 PSYoungGen      total 22528K, used 128K [0x00000000d5580000, 0x00000000d7000000, 0x0000000100000000)
  eden space 22016K, 0% used [0x00000000d5580000,0x00000000d5580000,0x00000000d6b00000)
  from space 512K, 25% used [0x00000000d6f00000,0x00000000d6f20000,0x00000000d6f80000)
  to   space 512K, 0% used [0x00000000d6f80000,0x00000000d6f80000,0x00000000d7000000)
 ParOldGen       total 780800K, used 770605K [0x0000000080000000, 0x00000000afa80000, 0x00000000d5580000)
  object space 780800K, 98% used [0x0000000080000000,0x00000000af08b648,0x00000000afa80000)
 Metaspace       used 31570K, committed 32512K, reserved 1114112K
  class space    used 3176K, committed 3584K, reserved 1048576K
}
Event: 562.028 GC heap before
{Heap before GC invocations=305 (full 1):
 PSYoungGen      total 22528K, used 22144K [0x00000000d5580000, 0x00000000d7000000, 0x0000000100000000)
  eden space 22016K, 100% used [0x00000000d5580000,0x00000000d6b00000,0x00000000d6b00000)
  from space 512K, 25% used [0x00000000d6f00000,0x00000000d6f20000,0x00000000d6f80000)
  to   space 512K, 0% used [0x00000000d6f80000,0x00000000d6f80000,0x00000000d7000000)
 ParOldGen       total 780800K, used 770605K [0x0000000080000000, 0x00000000afa80000, 0x00000000d5580000)
  object space 780800K, 98% used [0x0000000080000000,0x00000000af08b648,0x00000000afa80000)
 Metaspace       used 31594K, committed 32576K, reserved 1114112K
  class space    used 3179K, committed 3584K, reserved 1048576K
}
Event: 562.029 GC heap after
{Heap after GC invocations=305 (full 1):
 PSYoungGen      total 22528K, used 96K [0x00000000d5580000, 0x00000000d7000000, 0x0000000100000000)
  eden space 22016K, 0% used [0x00000000d5580000,0x00000000d5580000,0x00000000d6b00000)
  from space 512K, 18% used [0x00000000d6f80000,0x00000000d6f98000,0x00000000d7000000)
  to   space 512K, 0% used [0x00000000d6f00000,0x00000000d6f00000,0x00000000d6f80000)
 ParOldGen       total 780800K, used 770621K [0x0000000080000000, 0x00000000afa80000, 0x00000000d5580000)
  object space 780800K, 98% used [0x0000000080000000,0x00000000af08f648,0x00000000afa80000)
 Metaspace       used 31594K, committed 32576K, reserved 1114112K
  class space    used 3179K, committed 3584K, reserved 1048576K
}
Event: 562.067 GC heap before
{Heap before GC invocations=306 (full 1):
 PSYoungGen      total 22528K, used 22112K [0x00000000d5580000, 0x00000000d7000000, 0x0000000100000000)
  eden space 22016K, 100% used [0x00000000d5580000,0x00000000d6b00000,0x00000000d6b00000)
  from space 512K, 18% used [0x00000000d6f80000,0x00000000d6f98000,0x00000000d7000000)
  to   space 512K, 0% used [0x00000000d6f00000,0x00000000d6f00000,0x00000000d6f80000)
 ParOldGen       total 780800K, used 770621K [0x0000000080000000, 0x00000000afa80000, 0x00000000d5580000)
  object space 780800K, 98% used [0x0000000080000000,0x00000000af08f648,0x00000000afa80000)
 Metaspace       used 31612K, committed 32576K, reserved 1114112K
  class space    used 3185K, committed 3584K, reserved 1048576K
}
Event: 562.068 GC heap after
{Heap after GC invocations=306 (full 1):
 PSYoungGen      total 22528K, used 96K [0x00000000d5580000, 0x00000000d7000000, 0x0000000100000000)
  eden space 22016K, 0% used [0x00000000d5580000,0x00000000d5580000,0x00000000d6b00000)
  from space 512K, 18% used [0x00000000d6f00000,0x00000000d6f18000,0x00000000d6f80000)
  to   space 512K, 0% used [0x00000000d6f80000,0x00000000d6f80000,0x00000000d7000000)
 ParOldGen       total 780800K, used 770637K [0x0000000080000000, 0x00000000afa80000, 0x00000000d5580000)
  object space 780800K, 98% used [0x0000000080000000,0x00000000af093648,0x00000000afa80000)
 Metaspace       used 31612K, committed 32576K, reserved 1114112K
  class space    used 3185K, committed 3584K, reserved 1048576K
}
Event: 562.109 GC heap before
{Heap before GC invocations=307 (full 1):
 PSYoungGen      total 22528K, used 22112K [0x00000000d5580000, 0x00000000d7000000, 0x0000000100000000)
  eden space 22016K, 100% used [0x00000000d5580000,0x00000000d6b00000,0x00000000d6b00000)
  from space 512K, 18% used [0x00000000d6f00000,0x00000000d6f18000,0x00000000d6f80000)
  to   space 512K, 0% used [0x00000000d6f80000,0x00000000d6f80000,0x00000000d7000000)
 ParOldGen       total 780800K, used 770637K [0x0000000080000000, 0x00000000afa80000, 0x00000000d5580000)
  object space 780800K, 98% used [0x0000000080000000,0x00000000af093648,0x00000000afa80000)
 Metaspace       used 31655K, committed 32576K, reserved 1114112K
  class space    used 3190K, committed 3584K, reserved 1048576K
}
Event: 562.111 GC heap after
{Heap after GC invocations=307 (full 1):
 PSYoungGen      total 22528K, used 128K [0x00000000d5580000, 0x00000000d7000000, 0x0000000100000000)
  eden space 22016K, 0% used [0x00000000d5580000,0x00000000d5580000,0x00000000d6b00000)
  from space 512K, 25% used [0x00000000d6f80000,0x00000000d6fa0000,0x00000000d7000000)
  to   space 512K, 0% used [0x00000000d6f00000,0x00000000d6f00000,0x00000000d6f80000)
 ParOldGen       total 780800K, used 770653K [0x0000000080000000, 0x00000000afa80000, 0x00000000d5580000)
  object space 780800K, 98% used [0x0000000080000000,0x00000000af097648,0x00000000afa80000)
 Metaspace       used 31655K, committed 32576K, reserved 1114112K
  class space    used 3190K, committed 3584K, reserved 1048576K
}
Event: 562.138 GC heap before
{Heap before GC invocations=308 (full 1):
 PSYoungGen      total 22528K, used 22144K [0x00000000d5580000, 0x00000000d7000000, 0x0000000100000000)
  eden space 22016K, 100% used [0x00000000d5580000,0x00000000d6b00000,0x00000000d6b00000)
  from space 512K, 25% used [0x00000000d6f80000,0x00000000d6fa0000,0x00000000d7000000)
  to   space 512K, 0% used [0x00000000d6f00000,0x00000000d6f00000,0x00000000d6f80000)
 ParOldGen       total 780800K, used 770653K [0x0000000080000000, 0x00000000afa80000, 0x00000000d5580000)
  object space 780800K, 98% used [0x0000000080000000,0x00000000af097648,0x00000000afa80000)
 Metaspace       used 31670K, committed 32576K, reserved 1114112K
  class space    used 3192K, committed 3584K, reserved 1048576K
}
Event: 562.139 GC heap after
{Heap after GC invocations=308 (full 1):
 PSYoungGen      total 22528K, used 128K [0x00000000d5580000, 0x00000000d7000000, 0x0000000100000000)
  eden space 22016K, 0% used [0x00000000d5580000,0x00000000d5580000,0x00000000d6b00000)
  from space 512K, 25% used [0x00000000d6f00000,0x00000000d6f20000,0x00000000d6f80000)
  to   space 512K, 0% used [0x00000000d6f80000,0x00000000d6f80000,0x00000000d7000000)
 ParOldGen       total 780800K, used 770685K [0x0000000080000000, 0x00000000afa80000, 0x00000000d5580000)
  object space 780800K, 98% used [0x0000000080000000,0x00000000af09f648,0x00000000afa80000)
 Metaspace       used 31670K, committed 32576K, reserved 1114112K
  class space    used 3192K, committed 3584K, reserved 1048576K
}
Event: 562.165 GC heap before
{Heap before GC invocations=309 (full 1):
 PSYoungGen      total 22528K, used 22144K [0x00000000d5580000, 0x00000000d7000000, 0x0000000100000000)
  eden space 22016K, 100% used [0x00000000d5580000,0x00000000d6b00000,0x00000000d6b00000)
  from space 512K, 25% used [0x00000000d6f00000,0x00000000d6f20000,0x00000000d6f80000)
  to   space 512K, 0% used [0x00000000d6f80000,0x00000000d6f80000,0x00000000d7000000)
 ParOldGen       total 780800K, used 770685K [0x0000000080000000, 0x00000000afa80000, 0x00000000d5580000)
  object space 780800K, 98% used [0x0000000080000000,0x00000000af09f648,0x00000000afa80000)
 Metaspace       used 31670K, committed 32576K, reserved 1114112K
  class space    used 3192K, committed 3584K, reserved 1048576K
}
Event: 562.166 GC heap after
{Heap after GC invocations=309 (full 1):
 PSYoungGen      total 22528K, used 96K [0x00000000d5580000, 0x00000000d7000000, 0x0000000100000000)
  eden space 22016K, 0% used [0x00000000d5580000,0x00000000d5580000,0x00000000d6b00000)
  from space 512K, 18% used [0x00000000d6f80000,0x00000000d6f98000,0x00000000d7000000)
  to   space 512K, 0% used [0x00000000d6f00000,0x00000000d6f00000,0x00000000d6f80000)
 ParOldGen       total 780800K, used 770717K [0x0000000080000000, 0x00000000afa80000, 0x00000000d5580000)
  object space 780800K, 98% used [0x0000000080000000,0x00000000af0a7648,0x00000000afa80000)
 Metaspace       used 31670K, committed 32576K, reserved 1114112K
  class space    used 3192K, committed 3584K, reserved 1048576K
}
Event: 562.193 GC heap before
{Heap before GC invocations=310 (full 1):
 PSYoungGen      total 22528K, used 22112K [0x00000000d5580000, 0x00000000d7000000, 0x0000000100000000)
  eden space 22016K, 100% used [0x00000000d5580000,0x00000000d6b00000,0x00000000d6b00000)
  from space 512K, 18% used [0x00000000d6f80000,0x00000000d6f98000,0x00000000d7000000)
  to   space 512K, 0% used [0x00000000d6f00000,0x00000000d6f00000,0x00000000d6f80000)
 ParOldGen       total 780800K, used 770717K [0x0000000080000000, 0x00000000afa80000, 0x00000000d5580000)
  object space 780800K, 98% used [0x0000000080000000,0x00000000af0a7648,0x00000000afa80000)
 Metaspace       used 31670K, committed 32576K, reserved 1114112K
  class space    used 3192K, committed 3584K, reserved 1048576K
}
Event: 562.194 GC heap after
{Heap after GC invocations=310 (full 1):
 PSYoungGen      total 22528K, used 128K [0x00000000d5580000, 0x00000000d7000000, 0x0000000100000000)
  eden space 22016K, 0% used [0x00000000d5580000,0x00000000d5580000,0x00000000d6b00000)
  from space 512K, 25% used [0x00000000d6f00000,0x00000000d6f20000,0x00000000d6f80000)
  to   space 512K, 0% used [0x00000000d6f80000,0x00000000d6f80000,0x00000000d7000000)
 ParOldGen       total 780800K, used 770717K [0x0000000080000000, 0x00000000afa80000, 0x00000000d5580000)
  object space 780800K, 98% used [0x0000000080000000,0x00000000af0a7648,0x00000000afa80000)
 Metaspace       used 31670K, committed 32576K, reserved 1114112K
  class space    used 3192K, committed 3584K, reserved 1048576K
}
Event: 562.223 GC heap before
{Heap before GC invocations=311 (full 1):
 PSYoungGen      total 22528K, used 22144K [0x00000000d5580000, 0x00000000d7000000, 0x0000000100000000)
  eden space 22016K, 100% used [0x00000000d5580000,0x00000000d6b00000,0x00000000d6b00000)
  from space 512K, 25% used [0x00000000d6f00000,0x00000000d6f20000,0x00000000d6f80000)
  to   space 512K, 0% used [0x00000000d6f80000,0x00000000d6f80000,0x00000000d7000000)
 ParOldGen       total 780800K, used 770717K [0x0000000080000000, 0x00000000afa80000, 0x00000000d5580000)
  object space 780800K, 98% used [0x0000000080000000,0x00000000af0a7648,0x00000000afa80000)
 Metaspace       used 31675K, committed 32576K, reserved 1114112K
  class space    used 3193K, committed 3584K, reserved 1048576K
}
Event: 562.224 GC heap after
{Heap after GC invocations=311 (full 1):
 PSYoungGen      total 22528K, used 128K [0x00000000d5580000, 0x00000000d7000000, 0x0000000100000000)
  eden space 22016K, 0% used [0x00000000d5580000,0x00000000d5580000,0x00000000d6b00000)
  from space 512K, 25% used [0x00000000d6f80000,0x00000000d6fa0000,0x00000000d7000000)
  to   space 512K, 0% used [0x00000000d6f00000,0x00000000d6f00000,0x00000000d6f80000)
 ParOldGen       total 780800K, used 770741K [0x0000000080000000, 0x00000000afa80000, 0x00000000d5580000)
  object space 780800K, 98% used [0x0000000080000000,0x00000000af0ad658,0x00000000afa80000)
 Metaspace       used 31675K, committed 32576K, reserved 1114112K
  class space    used 3193K, committed 3584K, reserved 1048576K
}
Event: 562.255 GC heap before
{Heap before GC invocations=312 (full 1):
 PSYoungGen      total 22528K, used 22144K [0x00000000d5580000, 0x00000000d7000000, 0x0000000100000000)
  eden space 22016K, 100% used [0x00000000d5580000,0x00000000d6b00000,0x00000000d6b00000)
  from space 512K, 25% used [0x00000000d6f80000,0x00000000d6fa0000,0x00000000d7000000)
  to   space 512K, 0% used [0x00000000d6f00000,0x00000000d6f00000,0x00000000d6f80000)
 ParOldGen       total 780800K, used 770741K [0x0000000080000000, 0x00000000afa80000, 0x00000000d5580000)
  object space 780800K, 98% used [0x0000000080000000,0x00000000af0ad658,0x00000000afa80000)
 Metaspace       used 31686K, committed 32576K, reserved 1114112K
  class space    used 3195K, committed 3584K, reserved 1048576K
}
Event: 562.256 GC heap after
{Heap after GC invocations=312 (full 1):
 PSYoungGen      total 22528K, used 96K [0x00000000d5580000, 0x00000000d7000000, 0x0000000100000000)
  eden space 22016K, 0% used [0x00000000d5580000,0x00000000d5580000,0x00000000d6b00000)
  from space 512K, 18% used [0x00000000d6f00000,0x00000000d6f18000,0x00000000d6f80000)
  to   space 512K, 0% used [0x00000000d6f80000,0x00000000d6f80000,0x00000000d7000000)
 ParOldGen       total 780800K, used 770773K [0x0000000080000000, 0x00000000afa80000, 0x00000000d5580000)
  object space 780800K, 98% used [0x0000000080000000,0x00000000af0b5658,0x00000000afa80000)
 Metaspace       used 31686K, committed 32576K, reserved 1114112K
  class space    used 3195K, committed 3584K, reserved 1048576K
}

